[0.013s] Invoking command in '/home/vegard_ubuntu/Documents/E2103-Bachelor/ROS/simulation_ws/build/leg_description': /usr/bin/cmake /home/vegard_ubuntu/Documents/E2103-Bachelor/ROS/simulation_ws/src/leg_description -DCATKIN_INSTALL_INTO_PREFIX_ROOT=0 -DCMAKE_INSTALL_PREFIX=/home/vegard_ubuntu/Documents/E2103-Bachelor/ROS/simulation_ws/install/leg_description
[0.077s] -- The C compiler identification is GNU 9.3.0
[0.133s] -- The CXX compiler identification is GNU 9.3.0
[0.139s] -- Check for working C compiler: /usr/bin/cc
[0.197s] -- Check for working C compiler: /usr/bin/cc -- works
[0.198s] -- Detecting C compiler ABI info
[0.253s] -- Detecting C compiler ABI info - done
[0.266s] -- Detecting C compile features
[0.266s] -- Detecting C compile features - done
[0.270s] -- Check for working CXX compiler: /usr/bin/c++
[0.335s] -- Check for working CXX compiler: /usr/bin/c++ -- works
[0.336s] -- Detecting CXX compiler ABI info
[0.400s] -- Detecting CXX compiler ABI info - done
[0.414s] -- Detecting CXX compile features
[0.414s] -- Detecting CXX compile features - done
[0.424s] CMake Error at CMakeLists.txt:10 (find_package):
[0.424s]   By not providing "Findcatkin.cmake" in CMAKE_MODULE_PATH this project has
[0.424s]   asked CMake to find a package configuration file provided by "catkin", but
[0.424s]   CMake did not find one.
[0.424s] 
[0.424s]   Could not find a package configuration file provided by "catkin" with any
[0.424s]   of the following names:
[0.424s] 
[0.424s]     catkinConfig.cmake
[0.424s]     catkin-config.cmake
[0.424s] 
[0.424s]   Add the installation prefix of "catkin" to CMAKE_PREFIX_PATH or set
[0.424s]   "catkin_DIR" to a directory containing one of the above files.  If "catkin"
[0.425s]   provides a separate development package or SDK, be sure it has been
[0.425s]   installed.
[0.425s] 
[0.425s] 
[0.425s] -- Configuring incomplete, errors occurred!
[0.425s] See also "/home/vegard_ubuntu/Documents/E2103-Bachelor/ROS/simulation_ws/build/leg_description/CMakeFiles/CMakeOutput.log".
[0.427s] Invoked command in '/home/vegard_ubuntu/Documents/E2103-Bachelor/ROS/simulation_ws/build/leg_description' returned '1': /usr/bin/cmake /home/vegard_ubuntu/Documents/E2103-Bachelor/ROS/simulation_ws/src/leg_description -DCATKIN_INSTALL_INTO_PREFIX_ROOT=0 -DCMAKE_INSTALL_PREFIX=/home/vegard_ubuntu/Documents/E2103-Bachelor/ROS/simulation_ws/install/leg_description
