[0.116s] DEBUG:colcon:Command line arguments: ['/usr/bin/colcon', 'list', '-p', '--base-paths', '/home/vegard_ubuntu/Documents/E2103-Bachelor/ROS/simulation_ws/src/leg_description/urdf']
[0.116s] DEBUG:colcon:Parsed command line arguments: Namespace(base_paths=['/home/vegard_ubuntu/Documents/E2103-Bachelor/ROS/simulation_ws/src/leg_description/urdf'], build_base='build', ignore_user_meta=False, log_base=None, log_level=None, main=<bound method ListVerb.main of <colcon_package_information.verb.list.ListVerb object at 0x7f73c1e88130>>, metas=['./colcon.meta'], names_only=False, packages_above=None, packages_above_and_dependencies=None, packages_above_depth=None, packages_end=None, packages_ignore=None, packages_ignore_regex=None, packages_select=None, packages_select_build_failed=False, packages_select_by_dep=None, packages_select_regex=None, packages_select_test_failures=False, packages_skip=None, packages_skip_build_finished=False, packages_skip_by_dep=None, packages_skip_regex=None, packages_skip_test_passed=False, packages_skip_up_to=None, packages_start=None, packages_up_to=None, packages_up_to_regex=None, paths=None, paths_only=True, topological_graph=False, topological_graph_density=False, topological_graph_dot=False, topological_graph_dot_cluster=False, topological_graph_dot_include_skipped=False, topological_graph_legend=False, topological_order=False, verb_extension=<colcon_package_information.verb.list.ListVerb object at 0x7f73c1e88130>, verb_name='list', verb_parser=<colcon_defaults.argument_parser.defaults.DefaultArgumentsDecorator object at 0x7f73c1cf9100>)
[0.154s] Level 1:colcon.colcon_core.package_discovery:discover_packages(colcon_meta) check parameters
[0.154s] Level 1:colcon.colcon_core.package_discovery:discover_packages(recursive) check parameters
[0.154s] Level 1:colcon.colcon_core.package_discovery:discover_packages(ignore) check parameters
[0.154s] Level 1:colcon.colcon_core.package_discovery:discover_packages(path) check parameters
[0.154s] Level 1:colcon.colcon_core.package_discovery:discover_packages(recursive) discover
[0.154s] INFO:colcon.colcon_core.package_discovery:Crawling recursively for packages in '/home/vegard_ubuntu/Documents/E2103-Bachelor/ROS/simulation_ws/src/leg_description/urdf'
[0.155s] Level 1:colcon.colcon_core.package_identification:_identify(/home/vegard_ubuntu/Documents/E2103-Bachelor/ROS/simulation_ws/src/leg_description/urdf) by extensions ['ignore', 'ignore_ament_install']
[0.155s] Level 1:colcon.colcon_core.package_identification:_identify(/home/vegard_ubuntu/Documents/E2103-Bachelor/ROS/simulation_ws/src/leg_description/urdf) by extension 'ignore'
[0.155s] Level 1:colcon.colcon_core.package_identification:_identify(/home/vegard_ubuntu/Documents/E2103-Bachelor/ROS/simulation_ws/src/leg_description/urdf) by extension 'ignore_ament_install'
[0.155s] Level 1:colcon.colcon_core.package_identification:_identify(/home/vegard_ubuntu/Documents/E2103-Bachelor/ROS/simulation_ws/src/leg_description/urdf) by extensions ['colcon_pkg']
[0.155s] Level 1:colcon.colcon_core.package_identification:_identify(/home/vegard_ubuntu/Documents/E2103-Bachelor/ROS/simulation_ws/src/leg_description/urdf) by extension 'colcon_pkg'
[0.155s] Level 1:colcon.colcon_core.package_identification:_identify(/home/vegard_ubuntu/Documents/E2103-Bachelor/ROS/simulation_ws/src/leg_description/urdf) by extensions ['colcon_meta']
[0.155s] Level 1:colcon.colcon_core.package_identification:_identify(/home/vegard_ubuntu/Documents/E2103-Bachelor/ROS/simulation_ws/src/leg_description/urdf) by extension 'colcon_meta'
[0.155s] Level 1:colcon.colcon_core.package_identification:_identify(/home/vegard_ubuntu/Documents/E2103-Bachelor/ROS/simulation_ws/src/leg_description/urdf) by extensions ['ros']
[0.155s] Level 1:colcon.colcon_core.package_identification:_identify(/home/vegard_ubuntu/Documents/E2103-Bachelor/ROS/simulation_ws/src/leg_description/urdf) by extension 'ros'
[0.166s] Level 1:colcon.colcon_core.package_identification:_identify(/home/vegard_ubuntu/Documents/E2103-Bachelor/ROS/simulation_ws/src/leg_description/urdf) by extensions ['cmake', 'python']
[0.166s] Level 1:colcon.colcon_core.package_identification:_identify(/home/vegard_ubuntu/Documents/E2103-Bachelor/ROS/simulation_ws/src/leg_description/urdf) by extension 'cmake'
[0.166s] Level 1:colcon.colcon_core.package_identification:_identify(/home/vegard_ubuntu/Documents/E2103-Bachelor/ROS/simulation_ws/src/leg_description/urdf) by extension 'python'
[0.166s] Level 1:colcon.colcon_core.package_identification:_identify(/home/vegard_ubuntu/Documents/E2103-Bachelor/ROS/simulation_ws/src/leg_description/urdf) by extensions ['python_setup_py']
[0.166s] Level 1:colcon.colcon_core.package_identification:_identify(/home/vegard_ubuntu/Documents/E2103-Bachelor/ROS/simulation_ws/src/leg_description/urdf) by extension 'python_setup_py'
[0.166s] Level 1:colcon.colcon_core.package_identification:_identify(/home/vegard_ubuntu/Documents/E2103-Bachelor/ROS/simulation_ws/src/leg_description/urdf/log) by extensions ['ignore', 'ignore_ament_install']
[0.166s] Level 1:colcon.colcon_core.package_identification:_identify(/home/vegard_ubuntu/Documents/E2103-Bachelor/ROS/simulation_ws/src/leg_description/urdf/log) by extension 'ignore'
[0.166s] Level 1:colcon.colcon_core.package_identification:_identify(/home/vegard_ubuntu/Documents/E2103-Bachelor/ROS/simulation_ws/src/leg_description/urdf/log) ignored
[0.166s] Level 1:colcon.colcon_core.package_discovery:discover_packages(recursive) using defaults
